2026-05-01 13:42:30, MOVE, v:1, k:ed@lista_d1, mode:PICK
2026-05-01 13:46:56, EXEC, v:1, k:ed@lista_d1, mode:FULL, size:82, fail:COMP
2026-05-01 13:47:01, EXEC, v:1, k:ed@lista_d1, mode:FULL, size:82, fail:COMP
2026-05-01 13:47:13, EXEC, v:1, k:ed@lista_d1, mode:FULL, size:82, fail:COMP
2026-05-01 13:47:21, EXEC, v:1, k:ed@lista_d1, mode:FULL, rate:0, size:82
2026-05-01 13:47:19, MOVE, v:1, k:ed@lista_d1, mode:EDIT
2026-05-01 13:47:21, MOVE, v:1, k:ed@lista_d1, mode:EDIT
2026-05-01 13:49:15, EXEC, v:1, k:ed@lista_d1, mode:FULL, rate:14, size:86
2026-05-01 13:49:24, EXEC, v:1, k:ed@lista_d1, mode:FULL, rate:14, size:86
2026-05-01 13:51:57, MOVE, v:1, k:ed@lista_d1, mode:EDIT
2026-05-01 13:49:24, MOVE, v:1, k:ed@lista_d1, mode:EDIT
2026-05-01 13:55:04, EXEC, v:1, k:ed@lista_d1, mode:FULL, rate:14, size:95
2026-05-01 13:55:49, EXEC, v:1, k:ed@lista_d1, mode:FULL, rate:14, size:97
2026-05-01 13:57:23, MOVE, v:1, k:ed@lista_d1, mode:EDIT
2026-05-01 13:55:49, MOVE, v:1, k:ed@lista_d1, mode:EDIT
2026-05-01 14:02:21, MOVE, v:1, k:ed@lista_d1, mode:EDIT
2026-05-01 14:06:22, MOVE, v:1, k:ed@lista_d1, mode:EDIT
2026-05-01 14:09:30, EXEC, v:1, k:ed@lista_d1, mode:FULL, rate:14, size:112
2026-05-01 14:09:49, EXEC, v:1, k:ed@lista_d1, mode:FULL, rate:14, size:112
2026-05-01 14:09:53, EXEC, v:1, k:ed@lista_d1, mode:FULL, rate:14
2026-05-01 14:10:47, EXEC, v:1, k:ed@lista_d1, mode:FULL, rate:14, size:112
2026-05-01 14:10:58, EXEC, v:1, k:ed@lista_d1, mode:FULL, rate:14, size:112
2026-05-01 14:11:21, EXEC, v:1, k:ed@lista_d1, mode:FULL, rate:14, size:112
2026-05-01 14:11:20, MOVE, v:1, k:ed@lista_d1, mode:EDIT
2026-05-01 14:12:23, MOVE, v:1, k:ed@lista_d1, mode:EDIT
2026-05-01 14:12:37, EXEC, v:1, k:ed@lista_d1, mode:FULL, rate:14, size:114
2026-05-01 14:13:05, EXEC, v:1, k:ed@lista_d1, mode:FULL, rate:28, size:115
2026-05-01 14:13:26, EXEC, v:1, k:ed@lista_d1, mode:FULL, rate:28, size:114
2026-05-01 14:13:49, EXEC, v:1, k:ed@lista_d1, mode:FULL, rate:28, size:113
2026-05-01 14:13:49, MOVE, v:1, k:ed@lista_d1, mode:EDIT
2026-05-01 14:13:41, MOVE, v:1, k:ed@lista_d1, mode:EDIT
2026-05-01 14:22:17, MOVE, v:1, k:ed@lista_d1, mode:EDIT
2026-05-01 14:24:03, EXEC, v:1, k:ed@lista_d1, mode:FULL, rate:42, size:127
2026-05-01 14:25:44, EXEC, v:1, k:ed@lista_d1, mode:FULL, rate:57, size:131
2026-05-01 14:26:40, EXEC, v:1, k:ed@lista_d1, mode:FULL, rate:71, size:135
2026-05-01 14:26:39, MOVE, v:1, k:ed@lista_d1, mode:EDIT
2026-05-01 14:26:40, MOVE, v:1, k:ed@lista_d1, mode:EDIT
2026-05-01 14:32:20, MOVE, v:1, k:ed@lista_d1, mode:EDIT
2026-05-01 14:32:59, EXEC, v:1, k:ed@lista_d1, mode:FULL, rate:71, size:142
2026-05-01 14:35:01, EXEC, v:1, k:ed@lista_d1, mode:FULL, rate:85, size:144
2026-05-01 14:36:33, MOVE, v:1, k:ed@lista_d1, mode:EDIT
2026-05-01 14:35:01, MOVE, v:1, k:ed@lista_d1, mode:EDIT
2026-05-01 14:40:47, EXEC, v:1, k:ed@lista_d1, mode:FULL, rate:85, size:161
2026-05-01 14:42:09, EXEC, v:1, k:ed@lista_d1, mode:FULL, rate:100, size:161
2026-05-01 14:42:23, MOVE, v:1, k:ed@lista_d1, mode:EDIT
2026-05-01 14:42:09, MOVE, v:1, k:ed@lista_d1, mode:EDIT
2026-05-01 14:42:26, EXEC, v:1, k:ed@lista_d1, mode:FULL, rate:100, size:161
2026-05-01 14:43:34, SELF, v:1, k:ed@lista_d1, self:1, rate:100, study:30, concept:1, problem:1
2026-05-01 14:43:38, MOVE, v:1, k:ed@lista_d1, mode:BACK
2026-05-01 14:44:17, MOVE, v:1, k:ed@lista_d2, mode:DOWN
2026-05-01 14:44:20, MOVE, v:1, k:ed@lista_d2, mode:PICK
2026-05-01 14:45:20, EXEC, v:1, k:ed@lista_d2, mode:FULL, rate:0, size:134
2026-05-01 14:45:54, EXEC, v:1, k:ed@lista_d2, mode:FULL, rate:0, size:162
2026-05-01 14:46:30, EXEC, v:1, k:ed@lista_d2, mode:FULL, rate:20, size:163
2026-05-01 14:42:25, MOVE, v:1, k:ed@lista_d1, mode:EDIT
2026-05-01 14:44:17, MOVE, v:1, k:ed@lista_d2, mode:EDIT
2026-05-01 14:44:17, MOVE, v:1, k:ed@lista_d2, mode:EDIT
2026-05-01 14:44:17, MOVE, v:1, k:ed@lista_d2, mode:EDIT
2026-05-01 14:46:29, MOVE, v:1, k:ed@lista_d2, mode:EDIT
2026-05-01 14:46:30, MOVE, v:1, k:ed@lista_d2, mode:EDIT
2026-05-01 14:48:15, EXEC, v:1, k:ed@lista_d2, mode:FULL, rate:20, size:171
2026-05-01 14:52:22, MOVE, v:1, k:ed@lista_d2, mode:EDIT
2026-05-01 14:48:15, MOVE, v:1, k:ed@lista_d2, mode:EDIT
2026-05-01 14:56:41, EXEC, v:1, k:ed@lista_d2, mode:FULL, rate:20, size:192
2026-05-01 14:57:11, EXEC, v:1, k:ed@lista_d2, mode:FULL, rate:20, size:195
2026-05-01 14:57:09, MOVE, v:1, k:ed@lista_d2, mode:EDIT
2026-05-01 14:57:11, MOVE, v:1, k:ed@lista_d2, mode:EDIT
2026-05-01 15:00:49, EXEC, v:1, k:ed@lista_d2, mode:FULL, size:237, fail:COMP
2026-05-01 15:02:04, EXEC, v:1, k:ed@lista_d2, mode:FULL, size:237, fail:COMP
2026-05-01 15:02:02, MOVE, v:1, k:ed@lista_d2, mode:EDIT
2026-05-01 14:58:06, MOVE, v:1, k:ed@lista_d1, mode:EDIT
2026-05-01 15:03:08, EXEC, v:1, k:ed@lista_d2, mode:FULL, size:237, fail:COMP
2026-05-01 15:03:51, EXEC, v:1, k:ed@lista_d2, mode:FULL, rate:0, size:235
2026-05-01 15:05:45, EXEC, v:1, k:ed@lista_d2, mode:FULL, size:237, fail:COMP
2026-05-01 15:06:24, EXEC, v:1, k:ed@lista_d2, mode:FULL, rate:0, size:235
2026-05-01 15:07:26, EXEC, v:1, k:ed@lista_d2, mode:FULL, rate:20, size:237
2026-05-01 15:07:23, MOVE, v:1, k:ed@lista_d2, mode:EDIT
2026-05-01 15:07:24, MOVE, v:1, k:ed@lista_d2, mode:EDIT
2026-05-01 15:09:25, EXEC, v:1, k:ed@lista_d2, mode:FULL, rate:20, size:239
2026-05-01 15:10:44, EXEC, v:1, k:ed@lista_d2, mode:FULL, rate:40, size:239
2026-05-01 15:12:21, MOVE, v:1, k:ed@lista_d2, mode:EDIT
2026-05-01 15:10:44, MOVE, v:1, k:ed@lista_d2, mode:EDIT
2026-05-01 15:14:37, MOVE, v:1, k:ed@lista_d2, mode:EDIT
2026-05-01 15:25:52, EXEC, v:1, k:ed@lista_d2, mode:FULL, rate:40, size:255
2026-05-01 15:26:31, EXEC, v:1, k:ed@lista_d2, mode:FULL, rate:40, size:256
2026-05-01 15:26:45, EXEC, v:1, k:ed@lista_d2, mode:FULL, rate:40, size:257
2026-05-01 15:27:12, MOVE, v:1, k:ed@lista_d2, mode:EDIT
2026-05-01 15:26:45, MOVE, v:1, k:ed@lista_d2, mode:EDIT
2026-05-01 15:28:01, EXEC, v:1, k:ed@lista_d2, mode:FULL, rate:40, size:257
2026-05-01 15:29:02, EXEC, v:1, k:ed@lista_d2, mode:FULL, rate:60, size:255
2026-05-01 15:29:14, EXEC, v:1, k:ed@lista_d2, mode:FULL, rate:60, size:251
2026-05-01 15:31:28, EXEC, v:1, k:ed@lista_d2, mode:FULL, rate:60, size:255
2026-05-01 15:31:28, MOVE, v:1, k:ed@lista_d2, mode:EDIT
2026-05-01 15:32:19, MOVE, v:1, k:ed@lista_d2, mode:EDIT
2026-05-01 15:41:10, MOVE, v:1, k:ed@lista_d2, mode:EDIT
2026-05-01 15:45:06, EXEC, v:1, k:ed@lista_d2, mode:FULL, rate:80, size:268
2026-05-01 15:47:19, EXEC, v:1, k:ed@lista_d2, mode:FULL, rate:80, size:277
2026-05-01 15:47:17, MOVE, v:1, k:ed@lista_d2, mode:EDIT
2026-05-01 15:47:19, MOVE, v:1, k:ed@lista_d2, mode:EDIT
2026-05-01 15:47:54, EXEC, v:1, k:ed@lista_d2, mode:FULL, rate:100, size:278
2026-05-01 15:48:09, EXEC, v:1, k:ed@lista_d2, mode:FULL, rate:100, size:278
2026-05-01 15:48:30, SELF, v:1, k:ed@lista_d2, self:1, rate:100, study:40, concept:1, problem:1
2026-05-01 15:48:31, EXEC, v:1, k:ed@lista_d2, mode:FULL, rate:100
2026-05-01 15:48:32, EXEC, v:1, k:ed@lista_d2, mode:FULL, rate:100
2026-05-01 15:48:34, MOVE, v:1, k:ed@lista_d2, mode:BACK
