2026-03-18 13:17:35, MOVE, v:1, k:ed@casais, mode:DOWN
2026-03-18 13:17:39, MOVE, v:1, k:ed@casais, mode:PICK
2026-03-18 13:22:08, EXEC, v:1, k:ed@casais, mode:FULL, rate:0, size:14
2026-03-18 13:27:12, EXEC, v:1, k:ed@casais, mode:FULL, rate:0, size:24
2026-03-18 13:27:31, EXEC, v:1, k:ed@casais, mode:FULL, rate:50, size:24
2026-03-18 13:28:32, EXEC, v:1, k:ed@casais, mode:FULL, rate:50, size:25
2026-03-18 13:28:43, EXEC, v:1, k:ed@casais, mode:FULL, rate:50, size:25
2026-03-18 13:28:51, EXEC, v:1, k:ed@casais, mode:FULL, rate:50, size:25
2026-03-18 13:29:26, EXEC, v:1, k:ed@casais, mode:FULL, rate:0, size:26
2026-03-18 13:30:02, EXEC, v:1, k:ed@casais, mode:FULL, rate:0, size:26
2026-03-18 13:30:56, EXEC, v:1, k:ed@casais, mode:FULL, rate:0, size:27
2026-03-18 13:31:12, EXEC, v:1, k:ed@casais, mode:FULL, rate:75, size:25
2026-03-18 13:31:26, EXEC, v:1, k:ed@casais, mode:FULL, rate:100, size:26
2026-03-18 13:31:31, EXEC, v:1, k:ed@casais, mode:FULL, rate:100
2026-03-18 13:31:56, SELF, v:1, k:ed@casais, self:1, rate:100, study:10, problem:1, code:1, debug:1, refactor:1
2026-03-18 13:31:59, MOVE, v:1, k:ed@casais, mode:BACK
2026-03-18 13:32:02, MOVE, v:1, k:ed@baruel, mode:DOWN
2026-03-18 13:32:10, MOVE, v:1, k:ed@baruel, mode:PICK
2026-03-18 13:40:10, EXEC, v:1, k:ed@baruel, mode:FULL, rate:0, size:31
2026-03-18 13:41:19, EXEC, v:1, k:ed@baruel, mode:FULL, rate:0, size:32
2026-03-18 13:41:37, EXEC, v:1, k:ed@baruel, mode:FULL, rate:0, size:32
2026-03-18 13:41:46, EXEC, v:1, k:ed@baruel, mode:FULL, rate:0, size:31
2026-03-18 13:45:54, EXEC, v:1, k:ed@baruel, mode:FULL, rate:0, size:42
2026-03-18 13:46:07, EXEC, v:1, k:ed@baruel, mode:FULL, rate:0, size:41
2026-03-18 13:46:22, EXEC, v:1, k:ed@baruel, mode:FULL, rate:0, size:41
2026-03-18 13:47:00, EXEC, v:1, k:ed@baruel, mode:FULL, rate:0, size:41
2026-03-18 13:47:58, EXEC, v:1, k:ed@baruel, mode:FULL, rate:0, size:41
2026-03-18 13:48:40, EXEC, v:1, k:ed@baruel, mode:FULL, rate:0, size:41
2026-03-18 13:48:53, EXEC, v:1, k:ed@baruel, mode:FULL, rate:0, size:42
2026-03-18 13:49:02, EXEC, v:1, k:ed@baruel, mode:FULL, rate:0, size:42
2026-03-18 13:49:12, EXEC, v:1, k:ed@baruel, mode:FULL, rate:0, size:42
2026-03-18 13:50:09, EXEC, v:1, k:ed@baruel, mode:FULL, rate:0, size:42
2026-03-18 13:50:21, EXEC, v:1, k:ed@baruel, mode:FULL, rate:0, size:42
2026-03-18 13:50:45, EXEC, v:1, k:ed@baruel, mode:FULL, size:41, fail:COMP
2026-03-18 13:50:48, EXEC, v:1, k:ed@baruel, mode:FULL, fail:COMP
2026-03-18 13:50:53, EXEC, v:1, k:ed@baruel, mode:FULL, rate:0, size:40
2026-03-18 13:51:22, EXEC, v:1, k:ed@baruel, mode:FULL, rate:0, size:40
2026-03-18 13:51:34, EXEC, v:1, k:ed@baruel, mode:FULL, rate:0, size:40
2026-03-18 13:52:13, EXEC, v:1, k:ed@baruel, mode:FULL, rate:0, size:40
2026-03-18 13:52:17, EXEC, v:1, k:ed@baruel, mode:FULL, rate:0, size:40
2026-03-18 13:52:27, EXEC, v:1, k:ed@baruel, mode:FULL, rate:0, size:40
2026-03-18 13:53:24, EXEC, v:1, k:ed@baruel, mode:FULL, rate:0, size:23
2026-03-18 13:53:43, EXEC, v:1, k:ed@baruel, mode:FULL, rate:0, size:23
2026-03-18 13:54:02, EXEC, v:1, k:ed@baruel, mode:FULL, rate:0, size:23
2026-03-18 13:54:45, EXEC, v:1, k:ed@baruel, mode:FULL, rate:0, size:23
2026-03-18 13:55:17, EXEC, v:1, k:ed@baruel, mode:FULL, rate:0, size:25
2026-03-18 13:55:39, EXEC, v:1, k:ed@baruel, mode:FULL, rate:0, size:21
2026-03-18 13:55:52, EXEC, v:1, k:ed@baruel, mode:FULL, rate:0, size:21
2026-03-18 13:56:38, EXEC, v:1, k:ed@baruel, mode:FULL, rate:0, size:22
2026-03-18 13:58:54, EXEC, v:1, k:ed@baruel, mode:FULL, size:22, fail:COMP
2026-03-18 13:59:03, EXEC, v:1, k:ed@baruel, mode:FULL, size:22, fail:COMP
2026-03-18 13:59:09, EXEC, v:1, k:ed@baruel, mode:FULL, rate:0, size:22
2026-03-18 13:59:28, EXEC, v:1, k:ed@baruel, mode:FULL, rate:0, size:22
2026-03-18 14:02:18, EXEC, v:1, k:ed@baruel, mode:FULL, rate:0, size:22
2026-03-18 14:02:38, EXEC, v:1, k:ed@baruel, mode:FULL, rate:0, size:22
2026-03-18 14:03:01, EXEC, v:1, k:ed@baruel, mode:FULL, rate:0, size:22
2026-03-18 14:03:19, EXEC, v:1, k:ed@baruel, mode:FULL, rate:0, size:22
2026-03-18 14:03:26, EXEC, v:1, k:ed@baruel, mode:FULL, rate:0, size:22
2026-03-18 14:06:49, EXEC, v:1, k:ed@baruel, mode:FULL, size:25, fail:COMP
2026-03-18 14:06:58, EXEC, v:1, k:ed@baruel, mode:FULL, rate:0, size:23
2026-03-18 14:08:47, EXEC, v:1, k:ed@baruel, mode:FULL, rate:0, size:28
2026-03-18 14:09:04, EXEC, v:1, k:ed@baruel, mode:FULL, rate:0, size:30
2026-03-18 14:09:12, EXEC, v:1, k:ed@baruel, mode:FULL, rate:0, size:30
2026-03-18 14:09:38, EXEC, v:1, k:ed@baruel, mode:FULL, rate:0, size:30
2026-03-18 14:09:46, EXEC, v:1, k:ed@baruel, mode:FULL, rate:0, size:30
2026-03-18 14:10:12, EXEC, v:1, k:ed@baruel, mode:FULL, rate:0, size:28
2026-03-18 14:11:15, EXEC, v:1, k:ed@baruel, mode:FULL, rate:0, size:29
2026-03-18 14:13:00, EXEC, v:1, k:ed@baruel, mode:FULL, rate:0, size:32
2026-03-18 14:13:39, EXEC, v:1, k:ed@baruel, mode:FULL, rate:0, size:32
2026-03-18 14:14:03, EXEC, v:1, k:ed@baruel, mode:FULL, rate:0, size:32
2026-03-18 14:14:20, EXEC, v:1, k:ed@baruel, mode:FULL, rate:0, size:33
2026-03-18 14:14:33, EXEC, v:1, k:ed@baruel, mode:FULL, rate:0, size:33
2026-03-18 14:14:46, EXEC, v:1, k:ed@baruel, mode:FULL, rate:0, size:32
2026-03-18 14:15:00, EXEC, v:1, k:ed@baruel, mode:FULL, rate:0, size:32
2026-03-18 14:15:25, EXEC, v:1, k:ed@baruel, mode:FULL, rate:0, size:32
2026-03-18 14:18:04, EXEC, v:1, k:ed@baruel, mode:FULL, rate:0, size:42
2026-03-18 14:18:20, EXEC, v:1, k:ed@baruel, mode:FULL, rate:0, size:42
2026-03-18 14:21:51, EXEC, v:1, k:ed@baruel, mode:FULL, rate:0, size:42
2026-03-18 14:22:53, EXEC, v:1, k:ed@baruel, mode:FULL, rate:0, size:43
2026-03-18 14:23:09, EXEC, v:1, k:ed@baruel, mode:FULL, rate:0, size:45
2026-03-18 14:25:40, EXEC, v:1, k:ed@baruel, mode:FULL, rate:0, size:50
2026-03-18 14:25:51, EXEC, v:1, k:ed@baruel, mode:FULL, rate:0, size:50
2026-03-18 14:26:10, EXEC, v:1, k:ed@baruel, mode:FULL, rate:50, size:51
2026-03-18 14:26:50, EXEC, v:1, k:ed@baruel, mode:FULL, rate:50, size:55
2026-03-18 14:27:37, EXEC, v:1, k:ed@baruel, mode:FULL, rate:100, size:56
2026-03-18 14:28:16, SELF, v:1, k:ed@baruel, self:1, rate:100, study:30, problem:1, code:1, debug:1
2026-03-18 14:28:17, MOVE, v:1, k:ed@baruel, mode:BACK
2026-03-18 14:29:32, MOVE, v:1, k:ed@gomos, mode:DOWN
2026-03-18 14:30:03, MOVE, v:1, k:ed@gomos, mode:PICK
2026-03-18 14:40:50, EXEC, v:1, k:ed@gomos, mode:FULL, rate:0, size:51
