2026-03-31 13:04:27, MOVE, v:1, k:ed@apagando, mode:DOWN
2026-03-31 13:04:30, MOVE, v:1, k:ed@apagando, mode:PICK
2026-03-31 13:04:33, EXEC, v:1, k:ed@apagando, mode:FREE, size:4
2026-03-31 13:04:50, EXEC, v:1, k:ed@apagando, mode:FREE
2026-03-31 13:04:56, EXEC, v:1, k:ed@apagando, mode:FREE
2026-03-31 13:13:28, EXEC, v:1, k:ed@apagando, mode:FULL, rate:0, size:31
2026-03-31 13:13:54, EXEC, v:1, k:ed@apagando, mode:FULL, rate:0, size:31
2026-03-31 13:14:40, EXEC, v:1, k:ed@apagando, mode:FULL, rate:0, size:31
2026-03-31 13:14:48, EXEC, v:1, k:ed@apagando, mode:FULL, rate:0, size:31
2026-03-31 13:15:11, EXEC, v:1, k:ed@apagando, mode:FULL, rate:0, size:30
2026-03-31 13:16:11, EXEC, v:1, k:ed@apagando, mode:FULL, rate:0, size:32
2026-03-31 13:16:33, EXEC, v:1, k:ed@apagando, mode:FULL, rate:0, size:30
2026-03-31 13:16:56, EXEC, v:1, k:ed@apagando, mode:FULL, rate:100, size:31
2026-03-31 13:17:31, SELF, v:1, k:ed@apagando, self:1, rate:100
2026-03-31 13:17:33, EXEC, v:1, k:ed@apagando, mode:FULL, rate:100
2026-03-31 13:17:35, MOVE, v:1, k:ed@apagando, mode:BACK
2026-03-31 13:17:49, MOVE, v:1, k:ed@princesa, mode:PICK
2026-03-31 13:17:59, SELF, v:1, k:ed@princesa, self:1, code:1
2026-03-31 13:17:59, EXEC, v:1, k:ed@princesa, mode:FULL, rate:100
2026-03-31 13:18:01, MOVE, v:1, k:ed@princesa, mode:BACK
2026-03-31 13:18:35, MOVE, v:1, k:ed@manipulacao, mode:DOWN
2026-03-31 13:18:38, MOVE, v:1, k:ed@manipulacao, mode:PICK
2026-03-31 13:18:40, MOVE, v:1, k:ed@manipulacao, mode:BACK
2026-03-31 13:18:43, MOVE, v:1, k:ed@manipulacao, mode:PICK
2026-03-31 13:18:45, EXEC, v:1, k:ed@manipulacao, mode:FREE, size:106
2026-03-31 13:20:04, MOVE, v:1, k:ed@manipulacao, mode:PICK
2026-03-31 13:21:44, MOVE, v:1, k:ed@manipulacao, mode:BACK
