2026-04-14 13:14:28, MOVE, v:1, k:eval1@casais, mode:DOWN
2026-04-14 13:14:33, MOVE, v:1, k:eval1@casais, mode:PICK
2026-04-14 13:14:28, MOVE, v:1, k:eval1@casais, mode:EDIT
2026-04-14 13:14:28, MOVE, v:1, k:eval1@casais, mode:EDIT
2026-04-14 13:19:09, MOVE, v:1, k:eval1@casais, mode:EDIT
2026-04-14 13:20:39, EXEC, v:1, k:eval1@casais, mode:FULL, rate:0, size:26
2026-04-14 13:20:46, EXEC, v:1, k:eval1@casais, mode:FULL, rate:0, size:24
2026-04-14 13:21:33, EXEC, v:1, k:eval1@casais, mode:FULL, rate:0, size:25
2026-04-14 13:22:05, EXEC, v:1, k:eval1@casais, mode:FULL, rate:0, size:25
2026-04-14 13:22:16, EXEC, v:1, k:eval1@casais, mode:FULL, rate:0, size:25
2026-04-14 13:22:32, EXEC, v:1, k:eval1@casais, mode:FULL, rate:100, size:24
2026-04-14 13:22:39, MOVE, v:1, k:eval1@casais, mode:BACK
2026-04-14 13:22:41, MOVE, v:1, k:eval1@casais, mode:PICK
2026-04-14 13:23:06, SELF, v:1, k:eval1@casais, self:1, rate:100, study:10
2026-04-14 13:23:10, MOVE, v:1, k:eval1@casais, mode:BACK
2026-04-14 13:23:18, MOVE, v:1, k:eval1@triangulo, mode:DOWN
2026-04-14 13:22:31, MOVE, v:1, k:eval1@casais, mode:EDIT
2026-04-14 13:22:32, MOVE, v:1, k:eval1@casais, mode:EDIT
2026-04-14 13:23:18, MOVE, v:1, k:eval1@triangulo, mode:EDIT
2026-04-14 13:23:18, MOVE, v:1, k:eval1@triangulo, mode:EDIT
2026-04-14 13:23:18, MOVE, v:1, k:eval1@triangulo, mode:EDIT
2026-04-14 13:28:53, MOVE, v:1, k:eval1@triangulo, mode:PICK
2026-04-14 13:28:54, EXEC, v:1, k:eval1@triangulo, mode:FULL, rate:100, size:60
2026-04-14 13:28:35, MOVE, v:1, k:eval1@triangulo, mode:EDIT
2026-04-14 13:28:54, MOVE, v:1, k:eval1@triangulo, mode:EDIT
2026-04-14 13:29:56, MOVE, v:1, k:eval1@triangulo, mode:BACK
2026-04-14 13:30:16, MOVE, v:1, k:eval1@triangulo, mode:PICK
2026-04-14 13:30:21, EXEC, v:1, k:eval1@triangulo, mode:FULL, rate:100
2026-04-14 13:30:34, EXEC, v:1, k:eval1@triangulo, mode:FREE
2026-04-14 13:30:34, MOVE, v:1, k:eval1@triangulo, mode:EDIT
2026-04-14 13:35:47, SELF, v:1, k:eval1@triangulo, self:1, rate:100, study:5
2026-04-14 13:35:49, MOVE, v:1, k:eval1@triangulo, mode:BACK
2026-04-14 13:35:53, MOVE, v:1, k:eval1@casais, mode:PICK
2026-04-14 13:36:00, SELF, v:1, k:eval1@casais, self:1, study:10
2026-04-14 13:36:01, EXEC, v:1, k:eval1@casais, mode:FULL, rate:100
2026-04-14 13:36:02, MOVE, v:1, k:eval1@casais, mode:BACK
2026-04-14 13:36:27, MOVE, v:1, k:eval1@queimada, mode:DOWN
2026-04-14 13:36:01, MOVE, v:1, k:eval1@casais, mode:EDIT
2026-04-14 13:36:27, MOVE, v:1, k:eval1@queimada, mode:EDIT
2026-04-14 13:36:27, MOVE, v:1, k:eval1@queimada, mode:EDIT
2026-04-14 13:40:14, MOVE, v:1, k:eval1@queimada, mode:EDIT
2026-04-14 13:41:53, MOVE, v:1, k:eval1@queimada, mode:PICK
2026-04-14 13:41:55, EXEC, v:1, k:eval1@queimada, mode:FULL, size:52, fail:COMP
2026-04-14 13:44:23, EXEC, v:1, k:eval1@queimada, mode:FULL, size:54, fail:COMP
2026-04-14 13:44:30, EXEC, v:1, k:eval1@queimada, mode:FULL, size:54, fail:COMP
2026-04-14 13:44:39, EXEC, v:1, k:eval1@queimada, mode:FULL, rate:0, size:54
2026-04-14 13:45:12, MOVE, v:1, k:eval1@queimada, mode:EDIT
2026-04-14 13:44:38, MOVE, v:1, k:eval1@queimada, mode:EDIT
2026-04-14 13:45:21, EXEC, v:1, k:eval1@queimada, mode:FULL, rate:0, size:54
2026-04-14 13:46:16, EXEC, v:1, k:eval1@queimada, mode:FULL, rate:100, size:54
2026-04-14 13:46:49, EXEC, v:1, k:eval1@queimada, mode:FULL, rate:100, size:54
2026-04-14 13:47:11, EXEC, v:1, k:eval1@queimada, mode:FULL, size:51, fail:COMP
2026-04-14 13:47:17, EXEC, v:1, k:eval1@queimada, mode:FULL, rate:100, size:51
2026-04-14 13:47:30, EXEC, v:1, k:eval1@queimada, mode:FULL, size:47, fail:COMP
2026-04-14 13:47:37, EXEC, v:1, k:eval1@queimada, mode:FULL, size:47, fail:COMP
2026-04-14 13:47:53, EXEC, v:1, k:eval1@queimada, mode:FULL, size:47, fail:COMP
2026-04-14 13:48:00, EXEC, v:1, k:eval1@queimada, mode:FULL, rate:100, size:49
2026-04-14 13:48:10, EXEC, v:1, k:eval1@queimada, mode:FULL, rate:100, size:48
2026-04-14 13:48:18, SELF, v:1, k:eval1@queimada, self:1, rate:100, study:10
2026-04-14 13:48:21, MOVE, v:1, k:eval1@queimada, mode:BACK
2026-04-14 13:48:29, MOVE, v:1, k:eval1@baruel, mode:DOWN
2026-04-14 13:48:31, MOVE, v:1, k:eval1@baruel, mode:PICK
2026-04-14 13:48:35, EXEC, v:1, k:eval1@baruel, mode:FREE, size:5
2026-04-14 13:48:10, MOVE, v:1, k:eval1@queimada, mode:EDIT
2026-04-14 13:48:10, MOVE, v:1, k:eval1@queimada, mode:EDIT
2026-04-14 13:48:29, MOVE, v:1, k:eval1@baruel, mode:EDIT
2026-04-14 13:48:29, MOVE, v:1, k:eval1@baruel, mode:EDIT
2026-04-14 13:50:11, MOVE, v:1, k:eval1@baruel, mode:EDIT
2026-04-14 13:48:36, MOVE, v:1, k:eval1@baruel, mode:EDIT
2026-04-14 13:53:35, EXEC, v:1, k:eval1@baruel, mode:FULL, rate:0, size:17
2026-04-14 13:54:20, EXEC, v:1, k:eval1@baruel, mode:FULL, rate:0, size:18
2026-04-14 13:54:45, EXEC, v:1, k:eval1@baruel, mode:FULL, size:18, fail:COMP
2026-04-14 13:55:14, MOVE, v:1, k:eval1@baruel, mode:EDIT
2026-04-14 13:54:20, MOVE, v:1, k:eval1@baruel, mode:EDIT
2026-04-14 13:55:24, EXEC, v:1, k:eval1@baruel, mode:FULL, rate:0, size:19
2026-04-14 13:55:58, EXEC, v:1, k:eval1@baruel, mode:FULL, rate:0, size:20
2026-04-14 13:56:48, EXEC, v:1, k:eval1@baruel, mode:FULL, size:20, fail:COMP
2026-04-14 13:56:59, EXEC, v:1, k:eval1@baruel, mode:FULL, rate:0, size:20
2026-04-14 13:58:02, EXEC, v:1, k:eval1@baruel, mode:FULL, rate:0, size:20
2026-04-14 13:58:53, EXEC, v:1, k:eval1@baruel, mode:FULL, rate:0, size:19
2026-04-14 13:59:37, EXEC, v:1, k:eval1@baruel, mode:FULL, rate:0, size:19
2026-04-14 14:03:18, MOVE, v:1, k:eval1@baruel, mode:PICK
2026-04-14 14:03:22, EXEC, v:1, k:eval1@baruel, mode:FULL, rate:0, size:18
2026-04-14 14:04:50, EXEC, v:1, k:eval1@baruel, mode:FULL, rate:0, size:23
2026-04-14 14:05:55, EXEC, v:1, k:eval1@baruel, mode:FULL, rate:0, size:29
2026-04-14 14:06:05, EXEC, v:1, k:eval1@baruel, mode:FULL, rate:0, size:28
2026-04-14 14:07:21, EXEC, v:1, k:eval1@baruel, mode:FULL, rate:0, size:34
2026-04-14 14:07:41, EXEC, v:1, k:eval1@baruel, mode:FULL, rate:0, size:34
2026-04-14 14:07:41, MOVE, v:1, k:eval1@baruel, mode:EDIT
2026-04-14 14:07:41, MOVE, v:1, k:eval1@baruel, mode:EDIT
2026-04-14 14:11:08, EXEC, v:1, k:eval1@baruel, mode:FULL, rate:0, size:45
2026-04-14 14:12:43, EXEC, v:1, k:eval1@baruel, mode:FULL, rate:0, size:49
2026-04-14 14:13:05, EXEC, v:1, k:eval1@baruel, mode:FULL, rate:0, size:49
2026-04-14 14:13:04, MOVE, v:1, k:eval1@baruel, mode:EDIT
2026-04-14 14:13:04, MOVE, v:1, k:eval1@baruel, mode:EDIT
2026-04-14 14:13:33, EXEC, v:1, k:eval1@baruel, mode:FULL, rate:0, size:50
2026-04-14 14:16:56, EXEC, v:1, k:eval1@baruel, mode:FULL, rate:0, size:57
2026-04-14 14:18:12, MOVE, v:1, k:eval1@baruel, mode:EDIT
2026-04-14 14:16:56, MOVE, v:1, k:eval1@baruel, mode:EDIT
2026-04-14 14:22:41, EXEC, v:1, k:eval1@baruel, mode:FULL, rate:0, size:67
2026-04-14 14:23:11, EXEC, v:1, k:eval1@baruel, mode:FULL, rate:0, size:67
2026-04-14 14:23:10, MOVE, v:1, k:eval1@baruel, mode:EDIT
2026-04-14 14:23:11, MOVE, v:1, k:eval1@baruel, mode:EDIT
2026-04-14 14:23:47, EXEC, v:1, k:eval1@baruel, mode:FULL, rate:0, size:67
2026-04-14 14:24:19, EXEC, v:1, k:eval1@baruel, mode:FULL, rate:0, size:68
2026-04-14 14:24:35, EXEC, v:1, k:eval1@baruel, mode:FULL, rate:0, size:68
2026-04-14 14:25:30, EXEC, v:1, k:eval1@baruel, mode:FULL, rate:0, size:68
2026-04-14 14:25:44, EXEC, v:1, k:eval1@baruel, mode:FULL, rate:0, size:68
2026-04-14 14:27:42, MOVE, v:1, k:eval1@baruel, mode:EDIT
2026-04-14 14:25:44, MOVE, v:1, k:eval1@baruel, mode:EDIT
2026-04-14 14:28:26, EXEC, v:1, k:eval1@baruel, mode:FULL, rate:0, size:67
2026-04-14 14:30:41, EXEC, v:1, k:eval1@baruel, mode:FULL, rate:0, size:57
2026-04-14 14:31:55, EXEC, v:1, k:eval1@baruel, mode:FULL, rate:0, size:58
2026-04-14 14:32:19, EXEC, v:1, k:eval1@baruel, mode:FULL, rate:0, size:58
2026-04-14 14:32:38, EXEC, v:1, k:eval1@baruel, mode:FULL, rate:25, size:59
2026-04-14 14:32:38, MOVE, v:1, k:eval1@baruel, mode:EDIT
2026-04-14 14:33:14, MOVE, v:1, k:eval1@baruel, mode:EDIT
2026-04-14 14:33:34, EXEC, v:1, k:eval1@baruel, mode:FULL, rate:25, size:58
2026-04-14 14:34:31, EXEC, v:1, k:eval1@baruel, mode:FULL, rate:25, size:63
2026-04-14 14:34:40, EXEC, v:1, k:eval1@baruel, mode:FULL, rate:0, size:63
2026-04-14 14:35:13, EXEC, v:1, k:eval1@baruel, mode:FULL, rate:0, size:64
2026-04-14 14:35:32, EXEC, v:1, k:eval1@baruel, mode:FULL, rate:100, size:65
2026-04-14 14:35:46, SELF, v:1, k:eval1@baruel, self:1, rate:100, study:30
2026-04-14 14:35:48, EXEC, v:1, k:eval1@baruel, mode:FULL, rate:100
2026-04-14 14:35:48, MOVE, v:1, k:eval1@baruel, mode:BACK
2026-04-14 14:35:58, MOVE, v:1, k:eval1@casais, mode:PICK
2026-04-14 14:36:05, SELF, v:1, k:eval1@casais, self:1, study:10
2026-04-14 14:36:06, EXEC, v:1, k:eval1@casais, mode:FULL, rate:100
2026-04-14 14:36:07, MOVE, v:1, k:eval1@casais, mode:BACK
2026-04-14 14:36:42, MOVE, v:1, k:eval1@apagando, mode:DOWN
2026-04-14 14:36:44, MOVE, v:1, k:eval1@apagando, mode:PICK
2026-04-14 14:36:46, EXEC, v:1, k:eval1@apagando, mode:FREE, size:4
2026-04-14 14:37:43, EXEC, v:1, k:eval1@apagando, mode:FULL, fail:COMP
2026-04-14 14:35:31, MOVE, v:1, k:eval1@baruel, mode:EDIT
2026-04-14 14:35:48, MOVE, v:1, k:eval1@baruel, mode:EDIT
2026-04-14 14:36:06, MOVE, v:1, k:eval1@casais, mode:EDIT
2026-04-14 14:36:42, MOVE, v:1, k:eval1@apagando, mode:EDIT
2026-04-14 14:36:42, MOVE, v:1, k:eval1@apagando, mode:EDIT
2026-04-14 14:36:42, MOVE, v:1, k:eval1@apagando, mode:EDIT
2026-04-14 14:37:42, MOVE, v:1, k:eval1@casais, mode:EDIT
2026-04-14 14:40:31, EXEC, v:1, k:eval1@apagando, mode:FULL, rate:0, size:16
2026-04-14 14:42:54, EXEC, v:1, k:eval1@apagando, mode:FULL, rate:0, size:28
2026-04-14 14:43:02, EXEC, v:1, k:eval1@apagando, mode:FULL, rate:0
2026-04-14 14:42:53, MOVE, v:1, k:eval1@apagando, mode:EDIT
2026-04-14 14:43:02, MOVE, v:1, k:eval1@apagando, mode:EDIT
2026-04-14 14:43:45, EXEC, v:1, k:eval1@apagando, mode:FULL, rate:0
2026-04-14 14:43:59, EXEC, v:1, k:eval1@apagando, mode:FULL, rate:0, size:27
2026-04-14 14:44:19, EXEC, v:1, k:eval1@apagando, mode:FULL, rate:0, size:26
2026-04-14 14:44:37, EXEC, v:1, k:eval1@apagando, mode:FULL, rate:0, size:25
2026-04-14 14:44:50, EXEC, v:1, k:eval1@apagando, mode:FULL, rate:0, size:26
2026-04-14 14:45:22, EXEC, v:1, k:eval1@apagando, mode:FULL, rate:0, size:28
2026-04-14 14:45:52, EXEC, v:1, k:eval1@apagando, mode:FULL, rate:0, size:29
2026-04-14 14:46:01, EXEC, v:1, k:eval1@apagando, mode:FULL, rate:0, size:29
2026-04-14 14:46:13, EXEC, v:1, k:eval1@apagando, mode:FULL, rate:100, size:30
2026-04-14 14:46:27, SELF, v:1, k:eval1@apagando, self:1, rate:100, study:10
2026-04-14 14:46:27, EXEC, v:1, k:eval1@apagando, mode:FULL, rate:100
2026-04-14 14:46:29, MOVE, v:1, k:eval1@apagando, mode:BACK
2026-04-14 14:46:27, MOVE, v:1, k:eval1@apagando, mode:EDIT
2026-04-14 14:46:13, MOVE, v:1, k:eval1@apagando, mode:EDIT
