2026-03-24 13:11:50, MOVE, v:1, k:ed@gomos, mode:PICK
2026-03-24 13:12:22, EXEC, v:1, k:ed@gomos, mode:FULL, rate:0
2026-03-24 13:13:40, EXEC, v:1, k:ed@gomos, mode:FULL, rate:0, size:52
2026-03-24 13:15:51, EXEC, v:1, k:ed@gomos, mode:FULL, rate:0, size:52
2026-03-24 13:16:04, EXEC, v:1, k:ed@gomos, mode:FULL, rate:100, size:51
2026-03-24 13:16:45, SELF, v:1, k:ed@gomos, self:1, rate:100, study:15, problem:1, code:1, debug:1
2026-03-24 13:16:47, MOVE, v:1, k:ed@gomos, mode:BACK
2026-03-24 13:17:57, MOVE, v:1, k:ed@pintando, mode:PICK
2026-03-24 13:18:42, SELF, v:1, k:ed@pintando, self:1, rate:100, study:5, concept:1
2026-03-24 13:18:43, MOVE, v:1, k:ed@pintando, mode:BACK
2026-03-24 13:18:45, MOVE, v:1, k:ed@mumia, mode:PICK
2026-03-24 13:18:58, SELF, v:1, k:ed@mumia, self:1, rate:100, study:5, concept:1
2026-03-24 13:18:59, MOVE, v:1, k:ed@mumia, mode:BACK
2026-03-24 13:19:02, MOVE, v:1, k:ed@fuga, mode:PICK
2026-03-24 13:19:23, SELF, v:1, k:ed@fuga, self:1, rate:100, study:10, problem:1
2026-03-24 13:19:24, EXEC, v:1, k:ed@fuga, mode:FULL, rate:100
2026-03-24 13:19:26, MOVE, v:1, k:ed@fuga, mode:BACK
2026-03-24 13:19:31, MOVE, v:1, k:ed@fuga, mode:PICK
2026-03-24 13:19:37, SELF, v:1, k:ed@fuga, self:1, rate:100, study:10, concept:1
2026-03-24 13:19:38, MOVE, v:1, k:ed@fuga, mode:BACK
2026-03-24 13:19:42, MOVE, v:1, k:ed@pedra, mode:PICK
2026-03-24 13:19:51, SELF, v:1, k:ed@pedra, self:1, rate:100, concept:1
2026-03-24 13:19:52, MOVE, v:1, k:ed@pedra, mode:BACK
2026-03-24 13:19:53, MOVE, v:1, k:ed@casais, mode:PICK
2026-03-24 13:20:01, SELF, v:1, k:ed@casais, self:1, rate:100, study:10, concept:1
2026-03-24 13:20:02, MOVE, v:1, k:ed@casais, mode:BACK
2026-03-24 13:20:03, MOVE, v:1, k:ed@baruel, mode:PICK
2026-03-24 13:20:12, SELF, v:1, k:ed@baruel, self:1, rate:100, study:30
2026-03-24 13:20:15, EXEC, v:1, k:ed@baruel, mode:FULL, rate:100, size:55
2026-03-24 13:20:16, MOVE, v:1, k:ed@baruel, mode:BACK
2026-03-24 13:20:18, MOVE, v:1, k:ed@gomos, mode:PICK
2026-03-24 13:20:33, SELF, v:1, k:ed@gomos, self:1, rate:100, study:15, concept:1, debug:1
2026-03-24 13:20:34, EXEC, v:1, k:ed@gomos, mode:FULL, rate:100
2026-03-24 13:20:36, MOVE, v:1, k:ed@gomos, mode:BACK
2026-03-24 13:20:39, MOVE, v:1, k:ed@gomos, mode:PICK
2026-03-24 13:20:43, SELF, v:1, k:ed@gomos, self:1, rate:100, study:15, concept:1
2026-03-24 13:20:44, EXEC, v:1, k:ed@gomos, mode:FULL, rate:100
2026-03-24 13:20:45, MOVE, v:1, k:ed@gomos, mode:BACK
2026-03-24 13:21:26, MOVE, v:1, k:ed@pedra, mode:PICK
2026-03-24 13:21:45, MOVE, v:1, k:ed@pedra, mode:BACK
2026-03-24 13:21:48, MOVE, v:1, k:ed@baruel, mode:PICK
2026-03-24 13:22:26, SELF, v:1, k:ed@baruel, self:1, rate:100, study:30, concept:1, code:1
2026-03-24 13:22:29, MOVE, v:1, k:ed@baruel, mode:BACK
2026-03-24 13:22:43, MOVE, v:1, k:ed@pedra, mode:PICK
2026-03-24 13:22:50, SELF, v:1, k:ed@pedra, self:1, rate:100, concept:1, problem:1
2026-03-24 13:22:51, EXEC, v:1, k:ed@pedra, mode:FULL, rate:100
2026-03-24 13:22:51, MOVE, v:1, k:ed@pedra, mode:BACK
2026-03-24 13:31:57, MOVE, v:1, k:ed@princesa, mode:DOWN
2026-03-24 13:32:01, MOVE, v:1, k:ed@princesa, mode:PICK
2026-03-24 13:36:59, EXEC, v:1, k:ed@princesa, mode:FULL, size:7, fail:COMP
2026-03-24 13:39:31, EXEC, v:1, k:ed@princesa, mode:FULL, rate:0, size:14
2026-03-24 13:39:58, EXEC, v:1, k:ed@princesa, mode:FULL, rate:0, size:14
2026-03-24 13:43:24, EXEC, v:1, k:ed@princesa, mode:FULL, rate:0, size:23
2026-03-24 13:43:33, EXEC, v:1, k:ed@princesa, mode:FULL, rate:0, size:21
2026-03-24 13:48:35, EXEC, v:1, k:ed@princesa, mode:FULL, rate:0, size:27
2026-03-24 13:48:49, EXEC, v:1, k:ed@princesa, mode:FULL, rate:0, size:27
2026-03-24 13:50:57, EXEC, v:1, k:ed@princesa, mode:FULL, rate:0, size:42
2026-03-24 13:52:58, EXEC, v:1, k:ed@princesa, mode:FULL, rate:0, size:48
2026-03-24 13:53:26, EXEC, v:1, k:ed@princesa, mode:FULL, rate:0, size:48
2026-03-24 13:53:36, EXEC, v:1, k:ed@princesa, mode:FULL, rate:0, size:48
2026-03-24 13:54:12, EXEC, v:1, k:ed@princesa, mode:FULL, rate:0, size:48
2026-03-24 13:54:25, EXEC, v:1, k:ed@princesa, mode:FULL, rate:0, size:48
2026-03-24 13:56:03, EXEC, v:1, k:ed@princesa, mode:FULL, rate:0, size:51
2026-03-24 13:56:41, EXEC, v:1, k:ed@princesa, mode:FULL, size:53, fail:COMP
2026-03-24 14:04:53, EXEC, v:1, k:ed@princesa, mode:FULL, rate:0, size:45
2026-03-24 14:05:05, EXEC, v:1, k:ed@princesa, mode:FULL, rate:0, size:43
2026-03-24 14:05:25, EXEC, v:1, k:ed@princesa, mode:FULL, rate:0, size:43
2026-03-24 14:06:21, EXEC, v:1, k:ed@princesa, mode:FULL, rate:0, size:45
2026-03-24 14:06:35, EXEC, v:1, k:ed@princesa, mode:FULL, rate:0, size:35
2026-03-24 14:07:08, EXEC, v:1, k:ed@princesa, mode:FULL, rate:0, size:37
2026-03-24 14:09:19, EXEC, v:1, k:ed@princesa, mode:FULL, rate:0, size:47
2026-03-24 14:10:00, EXEC, v:1, k:ed@princesa, mode:FULL, rate:0, size:48
2026-03-24 14:10:42, EXEC, v:1, k:ed@princesa, mode:FULL, rate:0, size:48
2026-03-24 14:11:58, EXEC, v:1, k:ed@princesa, mode:FULL, rate:0, size:43
2026-03-24 14:13:03, EXEC, v:1, k:ed@princesa, mode:FULL, rate:0, size:47
2026-03-24 14:13:15, EXEC, v:1, k:ed@princesa, mode:FULL, rate:0
2026-03-24 14:14:29, EXEC, v:1, k:ed@princesa, mode:FULL, rate:0, size:49
2026-03-24 14:14:38, EXEC, v:1, k:ed@princesa, mode:FULL, rate:50, size:49
2026-03-24 14:21:46, EXEC, v:1, k:ed@princesa, mode:FULL, rate:0, size:53
2026-03-24 14:21:59, EXEC, v:1, k:ed@princesa, mode:FULL, rate:0
2026-03-24 14:23:56, EXEC, v:1, k:ed@princesa, mode:FULL, rate:0, size:53
2026-03-24 14:24:11, EXEC, v:1, k:ed@princesa, mode:FULL, rate:0, size:53
2026-03-24 14:24:22, EXEC, v:1, k:ed@princesa, mode:FULL, rate:0, size:53
2026-03-24 14:26:06, EXEC, v:1, k:ed@princesa, mode:FULL, rate:100, size:66
2026-03-24 14:26:39, SELF, v:1, k:ed@princesa, self:1, rate:100, study:30, concept:1, code:1
2026-03-24 14:26:40, EXEC, v:1, k:ed@princesa, mode:FULL, rate:100, size:67
2026-03-24 14:26:41, MOVE, v:1, k:ed@princesa, mode:BACK
