2026-04-15 13:14:24, MOVE, v:1, k:ed@fractais_png, mode:PICK
2026-04-15 13:14:50, EXEC, v:1, k:ed@fractais_png, mode:LOCK, rate:0
2026-04-15 13:14:50, MOVE, v:1, k:ed@fractais_png, mode:EDIT
2026-04-15 13:14:50, MOVE, v:1, k:ed@fractais_png, mode:EDIT
2026-04-15 13:15:42, MOVE, v:1, k:ed@fractais_png, mode:EDIT
2026-04-15 13:16:06, MOVE, v:1, k:ed@fractais_png, mode:EDIT
2026-04-15 13:18:03, EXEC, v:1, k:ed@fractais_png, mode:LOCK, rate:0, size:140
2026-04-15 13:18:24, EXEC, v:1, k:ed@fractais_png, mode:LOCK, rate:0, size:140
2026-04-15 13:18:41, EXEC, v:1, k:ed@fractais_png, mode:LOCK, rate:0, size:140
2026-04-15 13:18:51, EXEC, v:1, k:ed@fractais_png, mode:LOCK, rate:0, size:140
2026-04-15 13:19:02, EXEC, v:1, k:ed@fractais_png, mode:LOCK, rate:0, size:140
2026-04-15 13:19:44, EXEC, v:1, k:ed@fractais_png, mode:LOCK, rate:0, size:140
2026-04-15 13:20:00, EXEC, v:1, k:ed@fractais_png, mode:LOCK, rate:0, size:140
2026-04-15 13:21:20, EXEC, v:1, k:ed@fractais_png, mode:LOCK, rate:0, size:140
2026-04-15 13:21:53, EXEC, v:1, k:ed@fractais_png, mode:LOCK, rate:0, size:140
2026-04-15 13:22:07, EXEC, v:1, k:ed@fractais_png, mode:LOCK, rate:0, size:140
2026-04-15 13:22:15, EXEC, v:1, k:ed@fractais_png, mode:LOCK, rate:0, size:140
2026-04-15 13:22:21, MOVE, v:1, k:ed@fractais_png, mode:EDIT
2026-04-15 13:22:14, MOVE, v:1, k:ed@fractais_png, mode:EDIT
2026-04-15 13:22:15, MOVE, v:1, k:ed@fractais_png, mode:EDIT
2026-04-15 13:22:25, EXEC, v:1, k:ed@fractais_png, mode:LOCK, rate:0, size:140
2026-04-15 13:22:45, EXEC, v:1, k:ed@fractais_png, mode:LOCK, rate:0, size:140
2026-04-15 13:22:57, EXEC, v:1, k:ed@fractais_png, mode:LOCK, rate:0, size:140
2026-04-15 13:27:05, MOVE, v:1, k:ed@fractais_png, mode:EDIT
2026-04-15 13:22:56, MOVE, v:1, k:ed@fractais_png, mode:EDIT
2026-04-15 13:22:57, MOVE, v:1, k:ed@fractais_png, mode:EDIT
2026-04-15 13:23:52, MOVE, v:1, k:ed@fractais_png, mode:EDIT
2026-04-15 13:24:01, MOVE, v:1, k:ed@fractais_png, mode:EDIT
2026-04-15 13:25:24, MOVE, v:1, k:ed@fractais_png, mode:EDIT
2026-04-15 13:29:51, EXEC, v:1, k:ed@fractais_png, mode:LOCK, rate:0, size:130
2026-04-15 13:30:21, EXEC, v:1, k:ed@fractais_png, mode:LOCK, rate:0, size:130
2026-04-15 13:30:34, EXEC, v:1, k:ed@fractais_png, mode:LOCK, rate:0, size:130
2026-04-15 13:30:49, EXEC, v:1, k:ed@fractais_png, mode:LOCK, rate:0, size:130
2026-04-15 13:30:54, EXEC, v:1, k:ed@fractais_png, mode:LOCK, rate:0, size:130
2026-04-15 13:31:00, EXEC, v:1, k:ed@fractais_png, mode:LOCK, rate:0, size:130
2026-04-15 13:31:06, EXEC, v:1, k:ed@fractais_png, mode:LOCK, rate:0, size:130
2026-04-15 13:31:23, EXEC, v:1, k:ed@fractais_png, mode:LOCK, rate:0, size:131
2026-04-15 13:31:55, EXEC, v:1, k:ed@fractais_png, mode:LOCK, rate:0, size:133
2026-04-15 13:32:03, EXEC, v:1, k:ed@fractais_png, mode:LOCK, rate:0, size:133
2026-04-15 13:32:02, MOVE, v:1, k:ed@fractais_png, mode:EDIT
2026-04-15 13:32:03, MOVE, v:1, k:ed@fractais_png, mode:EDIT
2026-04-15 13:32:03, MOVE, v:1, k:ed@fractais_png, mode:EDIT
2026-04-15 13:32:27, EXEC, v:1, k:ed@fractais_png, mode:LOCK, rate:0, size:133
2026-04-15 13:32:33, EXEC, v:1, k:ed@fractais_png, mode:LOCK, rate:0, size:133
2026-04-15 13:32:39, EXEC, v:1, k:ed@fractais_png, mode:LOCK, rate:0, size:133
2026-04-15 13:32:50, EXEC, v:1, k:ed@fractais_png, mode:LOCK, rate:0, size:133
2026-04-15 13:32:58, EXEC, v:1, k:ed@fractais_png, mode:LOCK, rate:0, size:133
2026-04-15 13:33:10, EXEC, v:1, k:ed@fractais_png, mode:LOCK, rate:0, size:133
2026-04-15 13:33:17, EXEC, v:1, k:ed@fractais_png, mode:LOCK, rate:0, size:133
2026-04-15 13:33:23, EXEC, v:1, k:ed@fractais_png, mode:LOCK, rate:0, size:133
2026-04-15 13:33:35, EXEC, v:1, k:ed@fractais_png, mode:LOCK, rate:0, size:133
2026-04-15 13:33:46, EXEC, v:1, k:ed@fractais_png, mode:LOCK, rate:0, size:133
2026-04-15 13:33:56, EXEC, v:1, k:ed@fractais_png, mode:LOCK, rate:0, size:133
2026-04-15 13:34:07, EXEC, v:1, k:ed@fractais_png, mode:LOCK, rate:0, size:133
2026-04-15 13:34:15, EXEC, v:1, k:ed@fractais_png, mode:LOCK, rate:0, size:133
2026-04-15 13:34:22, EXEC, v:1, k:ed@fractais_png, mode:LOCK, rate:0, size:133
2026-04-15 13:34:50, EXEC, v:1, k:ed@fractais_png, mode:LOCK, rate:0, size:133
2026-04-15 13:35:00, EXEC, v:1, k:ed@fractais_png, mode:LOCK, rate:0, size:132
2026-04-15 13:35:10, EXEC, v:1, k:ed@fractais_png, mode:LOCK, rate:0, size:132
2026-04-15 13:35:17, EXEC, v:1, k:ed@fractais_png, mode:LOCK, rate:0, size:132
2026-04-15 13:35:26, EXEC, v:1, k:ed@fractais_png, mode:LOCK, rate:0, size:132
2026-04-15 13:37:17, EXEC, v:1, k:ed@fractais_png, mode:LOCK, rate:0, size:133
2026-04-15 13:37:15, MOVE, v:1, k:ed@fractais_png, mode:EDIT
2026-04-15 13:37:16, MOVE, v:1, k:ed@fractais_png, mode:EDIT
2026-04-15 13:37:17, MOVE, v:1, k:ed@fractais_png, mode:EDIT
2026-04-15 13:35:53, MOVE, v:1, k:ed@fractais_png, mode:EDIT
2026-04-15 13:36:06, MOVE, v:1, k:ed@fractais_png, mode:EDIT
2026-04-15 13:37:28, EXEC, v:1, k:ed@fractais_png, mode:LOCK, rate:0, size:133
2026-04-15 13:37:54, EXEC, v:1, k:ed@fractais_png, mode:LOCK, rate:0, size:133
2026-04-15 13:38:12, EXEC, v:1, k:ed@fractais_png, mode:LOCK, rate:0, size:133
2026-04-15 13:38:27, EXEC, v:1, k:ed@fractais_png, mode:LOCK, rate:0, size:133
2026-04-15 13:38:40, EXEC, v:1, k:ed@fractais_png, mode:LOCK, rate:0, size:133
2026-04-15 13:39:09, EXEC, v:1, k:ed@fractais_png, mode:LOCK, rate:0, size:135
2026-04-15 13:39:20, EXEC, v:1, k:ed@fractais_png, mode:LOCK, rate:0, size:133
2026-04-15 13:40:25, EXEC, v:1, k:ed@fractais_png, mode:LOCK, rate:0, size:133
2026-04-15 13:40:48, EXEC, v:1, k:ed@fractais_png, mode:LOCK, rate:0, size:133
2026-04-15 13:41:05, EXEC, v:1, k:ed@fractais_png, mode:LOCK, rate:0, size:133
2026-04-15 13:41:17, EXEC, v:1, k:ed@fractais_png, mode:LOCK, rate:0, size:133
2026-04-15 13:41:35, EXEC, v:1, k:ed@fractais_png, mode:LOCK, rate:0, size:133
2026-04-15 13:41:42, EXEC, v:1, k:ed@fractais_png, mode:LOCK, rate:0, size:133
2026-04-15 13:42:03, EXEC, v:1, k:ed@fractais_png, mode:LOCK, rate:0, size:133
2026-04-15 13:42:22, EXEC, v:1, k:ed@fractais_png, mode:LOCK, rate:0, size:133
2026-04-15 13:42:21, MOVE, v:1, k:ed@fractais_png, mode:EDIT
2026-04-15 13:42:22, MOVE, v:1, k:ed@fractais_png, mode:EDIT
2026-04-15 13:42:22, MOVE, v:1, k:ed@fractais_png, mode:EDIT
2026-04-15 13:42:35, EXEC, v:1, k:ed@fractais_png, mode:LOCK, rate:0, size:133
2026-04-15 13:42:46, EXEC, v:1, k:ed@fractais_png, mode:LOCK, rate:0, size:133
2026-04-15 13:42:56, EXEC, v:1, k:ed@fractais_png, mode:LOCK, rate:0, size:133
2026-04-15 13:43:08, EXEC, v:1, k:ed@fractais_png, mode:LOCK, rate:0, size:133
2026-04-15 13:44:11, EXEC, v:1, k:ed@fractais_png, mode:LOCK, rate:0, size:134
2026-04-15 13:44:17, EXEC, v:1, k:ed@fractais_png, mode:LOCK, rate:0, size:134
2026-04-15 13:44:29, EXEC, v:1, k:ed@fractais_png, mode:LOCK, rate:0, size:134
2026-04-15 13:44:36, EXEC, v:1, k:ed@fractais_png, mode:LOCK, rate:0, size:134
2026-04-15 13:44:57, EXEC, v:1, k:ed@fractais_png, mode:LOCK, rate:0, size:134
2026-04-15 13:45:19, EXEC, v:1, k:ed@fractais_png, mode:LOCK, rate:0, size:133
2026-04-15 13:45:55, EXEC, v:1, k:ed@fractais_png, mode:LOCK, rate:0, size:133
2026-04-15 13:46:07, EXEC, v:1, k:ed@fractais_png, mode:LOCK, rate:0, size:133
2026-04-15 13:47:17, MOVE, v:1, k:ed@fractais_png, mode:EDIT
2026-04-15 13:46:07, MOVE, v:1, k:ed@fractais_png, mode:EDIT
2026-04-15 13:46:07, MOVE, v:1, k:ed@fractais_png, mode:EDIT
2026-04-15 13:47:30, EXEC, v:1, k:ed@fractais_png, mode:FULL, size:134, fail:COMP
2026-04-15 13:48:04, EXEC, v:1, k:ed@fractais_png, mode:LOCK, rate:0, size:134
2026-04-15 13:48:17, EXEC, v:1, k:ed@fractais_png, mode:LOCK, rate:0, size:134
2026-04-15 13:48:28, EXEC, v:1, k:ed@fractais_png, mode:LOCK, rate:0, size:134
2026-04-15 13:49:37, EXEC, v:1, k:ed@fractais_png, mode:LOCK, rate:0, size:133
2026-04-15 13:50:01, EXEC, v:1, k:ed@fractais_png, mode:LOCK, rate:0, size:133
2026-04-15 13:50:15, EXEC, v:1, k:ed@fractais_png, mode:LOCK, rate:0, size:133
2026-04-15 13:51:28, EXEC, v:1, k:ed@fractais_png, mode:LOCK, rate:0, size:133
2026-04-15 13:51:38, EXEC, v:1, k:ed@fractais_png, mode:LOCK, rate:0, size:134
2026-04-15 13:51:46, EXEC, v:1, k:ed@fractais_png, mode:LOCK, rate:0, size:133
2026-04-15 13:51:45, MOVE, v:1, k:ed@fractais_png, mode:EDIT
2026-04-15 13:51:46, MOVE, v:1, k:ed@fractais_png, mode:EDIT
2026-04-15 13:51:46, MOVE, v:1, k:ed@fractais_png, mode:EDIT
2026-04-15 13:55:38, EXEC, v:1, k:ed@fractais_png, mode:FULL, size:141, fail:COMP
2026-04-15 13:55:46, EXEC, v:1, k:ed@fractais_png, mode:LOCK, rate:0, size:139
2026-04-15 13:56:01, EXEC, v:1, k:ed@fractais_png, mode:LOCK, rate:0, size:139
2026-04-15 13:56:22, EXEC, v:1, k:ed@fractais_png, mode:LOCK, rate:0, size:139
2026-04-15 13:56:31, EXEC, v:1, k:ed@fractais_png, mode:LOCK, rate:0, size:139
2026-04-15 13:56:30, MOVE, v:1, k:ed@fractais_png, mode:EDIT
2026-04-15 13:56:31, MOVE, v:1, k:ed@fractais_png, mode:EDIT
2026-04-15 13:56:31, MOVE, v:1, k:ed@fractais_png, mode:EDIT
2026-04-15 13:59:25, EXEC, v:1, k:ed@fractais_png, mode:LOCK, rate:0, size:170
2026-04-15 14:00:53, EXEC, v:1, k:ed@fractais_png, mode:LOCK, rate:0, size:181
2026-04-15 14:00:50, MOVE, v:1, k:ed@fractais_png, mode:EDIT
2026-04-15 14:00:53, MOVE, v:1, k:ed@fractais_png, mode:EDIT
2026-04-15 14:00:53, MOVE, v:1, k:ed@fractais_png, mode:EDIT
