2026-03-17 13:11:59, MOVE, v:1, k:ed@mumia, mode:DOWN
2026-03-17 13:12:08, MOVE, v:1, k:ed@mumia, mode:PICK
2026-03-17 13:15:48, EXEC, v:1, k:ed@mumia, mode:FREE, size:22
2026-03-17 13:16:54, EXEC, v:1, k:ed@mumia, mode:FULL, rate:0, size:21
2026-03-17 13:16:54, EXEC, v:1, k:ed@mumia, mode:FULL, rate:0, size:21
2026-03-17 13:16:56, EXEC, v:1, k:ed@mumia, mode:FULL, rate:0, size:21
2026-03-17 13:17:49, EXEC, v:1, k:ed@mumia, mode:FULL, rate:0, size:21
2026-03-17 13:18:00, EXEC, v:1, k:ed@mumia, mode:FULL, rate:0, size:21
2026-03-17 13:19:28, EXEC, v:1, k:ed@mumia, mode:FULL, rate:0
2026-03-17 13:19:38, EXEC, v:1, k:ed@mumia, mode:FULL, size:21, fail:COMP
2026-03-17 13:19:45, EXEC, v:1, k:ed@mumia, mode:FULL, rate:0, size:21
2026-03-17 13:20:24, EXEC, v:1, k:ed@mumia, mode:FULL, rate:0, size:21
2026-03-17 13:22:31, EXEC, v:1, k:ed@mumia, mode:FULL, rate:0, size:21
2026-03-17 13:23:58, EXEC, v:1, k:ed@mumia, mode:FULL, rate:0, size:21
2026-03-17 13:24:37, EXEC, v:1, k:ed@mumia, mode:FULL, rate:0, size:21
2026-03-17 13:24:54, EXEC, v:1, k:ed@mumia, mode:FULL, rate:100, size:21
2026-03-17 13:25:04, MOVE, v:1, k:ed@mumia, mode:BACK
2026-03-17 13:25:06, MOVE, v:1, k:ed@pintando, mode:DOWN
2026-03-17 13:25:08, MOVE, v:1, k:ed@pintando, mode:PICK
2026-03-17 13:25:10, EXEC, v:1, k:ed@pintando, mode:FREE, size:5
2026-03-17 13:25:30, EXEC, v:1, k:ed@pintando, mode:FREE
2026-03-17 13:27:47, EXEC, v:1, k:ed@pintando, mode:FULL, size:10, fail:COMP
2026-03-17 13:28:13, EXEC, v:1, k:ed@pintando, mode:FULL, rate:0, size:10
2026-03-17 13:28:53, EXEC, v:1, k:ed@pintando, mode:FULL, rate:0, size:11
2026-03-17 13:29:01, EXEC, v:1, k:ed@pintando, mode:FULL, rate:0, size:11
2026-03-17 13:29:43, EXEC, v:1, k:ed@pintando, mode:FULL, rate:0, size:11
2026-03-17 13:30:11, EXEC, v:1, k:ed@pintando, mode:FULL, rate:0, size:11
2026-03-17 13:31:45, EXEC, v:1, k:ed@pintando, mode:FULL, rate:0, size:11
2026-03-17 13:34:52, EXEC, v:1, k:ed@pintando, mode:FULL, rate:0, size:14
2026-03-17 13:35:24, EXEC, v:1, k:ed@pintando, mode:FULL, rate:100, size:14
2026-03-17 13:36:51, SELF, v:1, k:ed@pintando, self:1, rate:100, study:5, problem:1, code:1, debug:1, refactor:1
2026-03-17 13:36:56, MOVE, v:1, k:ed@pintando, mode:BACK
2026-03-17 13:37:00, MOVE, v:1, k:ed@fuga, mode:DOWN
2026-03-17 13:37:02, MOVE, v:1, k:ed@fuga, mode:PICK
2026-03-17 13:39:15, EXEC, v:1, k:ed@fuga, mode:FULL, size:7, fail:COMP
2026-03-17 13:44:07, EXEC, v:1, k:ed@fuga, mode:FULL, rate:0, size:25
2026-03-17 13:44:29, EXEC, v:1, k:ed@fuga, mode:FULL, rate:0, size:26
2026-03-17 13:46:03, EXEC, v:1, k:ed@fuga, mode:FULL, rate:0, size:28
2026-03-17 13:47:05, EXEC, v:1, k:ed@fuga, mode:FULL, rate:0, size:31
2026-03-17 13:47:36, EXEC, v:1, k:ed@fuga, mode:FULL, rate:0, size:31
2026-03-17 13:48:12, EXEC, v:1, k:ed@fuga, mode:FULL, rate:0, size:31
2026-03-17 13:49:34, EXEC, v:1, k:ed@fuga, mode:FULL, rate:0, size:38
2026-03-17 13:50:46, EXEC, v:1, k:ed@fuga, mode:FULL, rate:0, size:38
2026-03-17 13:51:16, EXEC, v:1, k:ed@fuga, mode:FULL, rate:100, size:38
