2026-05-05 13:59:30, MOVE, v:1, k:ed@editorint, mode:DOWN
2026-05-05 13:59:32, MOVE, v:1, k:ed@editorint, mode:PICK
2026-05-05 13:59:30, MOVE, v:1, k:ed@editorint, mode:EDIT
2026-05-05 13:59:30, MOVE, v:1, k:ed@editorint, mode:EDIT
2026-05-05 14:00:59, MOVE, v:1, k:ed@editorint, mode:EDIT
2026-05-05 13:59:30, MOVE, v:1, k:ed@editorint, mode:EDIT
2026-05-05 13:59:30, MOVE, v:1, k:ed@editorint, mode:EDIT
2026-05-05 14:02:25, MOVE, v:1, k:ed@editorint, mode:BACK
2026-05-05 14:03:12, MOVE, v:1, k:ed@editorint, mode:PICK
2026-05-05 14:04:27, MOVE, v:1, k:ed@editorint, mode:BACK
2026-05-05 14:12:05, EXEC, v:1, k:ed@editorint, mode:FREE
2026-05-05 14:12:56, EXEC, v:1, k:ed@editorint, mode:FREE
2026-05-05 14:14:00, EXEC, v:1, k:ed@editorint, mode:FREE
2026-05-05 14:14:13, EXEC, v:1, k:ed@editorint, mode:FREE
2026-05-05 14:19:22, EXEC, v:1, k:ed@editorint, mode:FREE
2026-05-05 14:20:00, EXEC, v:1, k:ed@editorint, mode:FREE
2026-05-05 14:23:20, EXEC, v:1, k:ed@editorint, mode:FREE
2026-05-05 14:24:21, EXEC, v:1, k:ed@editorint, mode:FREE
2026-05-05 14:24:56, EXEC, v:1, k:ed@editorint, mode:FREE
2026-05-05 14:25:46, EXEC, v:1, k:ed@editorint, mode:FREE
2026-05-05 14:26:35, EXEC, v:1, k:ed@editorint, mode:FREE
2026-05-05 14:27:18, EXEC, v:1, k:ed@editorint, mode:FREE
2026-05-05 14:27:38, EXEC, v:1, k:ed@editorint, mode:FREE
2026-05-05 14:27:51, EXEC, v:1, k:ed@editorint, mode:FREE
2026-05-05 14:28:27, EXEC, v:1, k:ed@editorint, mode:FREE
2026-05-05 14:29:45, EXEC, v:1, k:ed@editorint, mode:FREE
2026-05-05 14:30:06, EXEC, v:1, k:ed@editorint, mode:FREE
2026-05-05 19:27:46, EXEC, v:1, k:ed@editorint, mode:FREE
2026-05-05 19:28:03, EXEC, v:1, k:ed@editorint, mode:FREE
2026-05-05 19:29:14, EXEC, v:1, k:ed@editorint, mode:FREE
2026-05-05 19:29:33, EXEC, v:1, k:ed@editorint, mode:FREE
2026-05-05 19:30:35, EXEC, v:1, k:ed@editorint, mode:FREE
2026-05-05 19:31:37, EXEC, v:1, k:ed@editorint, mode:FREE
2026-05-05 19:34:00, EXEC, v:1, k:ed@editorint, mode:FREE
2026-05-05 19:37:03, EXEC, v:1, k:ed@editorint, mode:FREE
2026-05-05 19:37:30, EXEC, v:1, k:ed@editorint, mode:FREE
2026-05-05 19:38:12, EXEC, v:1, k:ed@editorint, mode:FREE
2026-05-05 19:41:25, EXEC, v:1, k:ed@editorint, mode:FREE
2026-05-05 19:43:04, EXEC, v:1, k:ed@editorint, mode:FREE
2026-05-05 19:46:28, EXEC, v:1, k:ed@editorint, mode:FREE
2026-05-05 19:46:52, EXEC, v:1, k:ed@editorint, mode:FREE
2026-05-05 19:47:53, EXEC, v:1, k:ed@editorint, mode:FREE
2026-05-05 19:48:49, EXEC, v:1, k:ed@editorint, mode:FREE
2026-05-05 19:49:42, EXEC, v:1, k:ed@editorint, mode:FREE
2026-05-05 19:51:07, EXEC, v:1, k:ed@editorint, mode:FREE
2026-05-05 19:51:47, EXEC, v:1, k:ed@editorint, mode:FREE
2026-05-05 19:52:04, EXEC, v:1, k:ed@editorint, mode:FREE
2026-05-05 19:56:48, EXEC, v:1, k:ed@editorint, mode:FREE
2026-05-05 20:04:12, EXEC, v:1, k:ed@editorint, mode:FREE
2026-05-05 20:06:21, EXEC, v:1, k:ed@editorint, mode:FREE
2026-05-05 20:08:26, EXEC, v:1, k:ed@editorint, mode:FREE
2026-05-05 20:08:48, EXEC, v:1, k:ed@editorint, mode:FREE
2026-05-05 20:10:51, EXEC, v:1, k:ed@editorint, mode:FREE
2026-05-05 20:13:07, EXEC, v:1, k:ed@editorint, mode:FREE
2026-05-05 20:20:59, EXEC, v:1, k:ed@editorint, mode:FREE
2026-05-05 20:21:29, EXEC, v:1, k:ed@editorint, mode:FREE
2026-05-05 20:23:09, EXEC, v:1, k:ed@editorint, mode:FREE
