2026-04-07 13:21:17, MOVE, v:1, k:ed@queimada, mode:DOWN
2026-04-07 13:21:25, MOVE, v:1, k:ed@queimada, mode:PICK
2026-04-07 13:21:28, EXEC, v:1, k:ed@queimada, mode:FREE, size:38
2026-04-07 13:24:44, EXEC, v:1, k:ed@queimada, mode:FULL, size:35, fail:COMP
2026-04-07 13:24:47, EXEC, v:1, k:ed@queimada, mode:FULL, fail:COMP
2026-04-07 13:28:13, EXEC, v:1, k:ed@queimada, mode:FULL, rate:100, size:49
2026-04-07 13:28:24, SELF, v:1, k:ed@queimada, self:1, rate:100, guided:1
2026-04-07 13:28:28, SELF, v:1, k:ed@queimada, self:1, rate:100, guided:1
2026-04-07 13:28:28, EXEC, v:1, k:ed@queimada, mode:FULL, rate:100
2026-04-07 13:28:33, MOVE, v:1, k:ed@queimada, mode:BACK
2026-04-07 13:28:46, MOVE, v:1, k:ed@queimada, mode:PICK
2026-04-07 13:29:01, SELF, v:1, k:ed@queimada, self:1, rate:100, study:30, guided:1
2026-04-07 13:29:02, MOVE, v:1, k:ed@queimada, mode:BACK
2026-04-07 13:34:21, MOVE, v:1, k:ed@labirinto, mode:DOWN
2026-04-07 13:44:43, MOVE, v:1, k:ed@fractais_png, mode:DOWN
2026-04-07 13:44:45, MOVE, v:1, k:ed@fractais_png, mode:PICK
2026-04-07 13:45:54, EXEC, v:1, k:workspaces@ed-ter-bloco-a-kaynnandeson, mode:FREE, size:765
2026-04-07 13:47:08, MOVE, v:1, k:ed@fractais_png, mode:BACK
2026-04-07 13:48:01, MOVE, v:1, k:ed@fractais_png, mode:PICK
2026-04-07 13:48:02, EXEC, v:1, k:ed@fractais_png, mode:FREE, size:136
2026-04-07 13:48:05, MOVE, v:1, k:ed@fractais_png, mode:BACK
2026-04-07 13:48:05, MOVE, v:1, k:ed@fractais_png, mode:PICK
2026-04-07 13:48:05, MOVE, v:1, k:ed@fractais_png, mode:BACK
2026-04-07 13:48:06, MOVE, v:1, k:ed@fractais_png, mode:PICK
2026-04-07 13:48:30, EXEC, v:1, k:workspaces@ed-ter-bloco-a-kaynnandeson, mode:FREE, size:765
2026-04-07 13:49:18, EXEC, v:1, k:ed@fractais_png, mode:FREE
2026-04-07 13:49:29, EXEC, v:1, k:ed@fractais_png, mode:FREE
